********************************************************************************
DUPLICATOR-LITE PACKAGE-LOG: 2017-04-02 16:01:17
NOTICE: Do NOT post to public sites or forums 
********************************************************************************
VERSION:	1.1.34
WORDPRESS:	4.7.3
PHP INFO:	5.6.30 | SAPI: litespeed
SERVER:		LiteSpeed 
PHP TIME LIMIT: (0) no time limit imposed 
PHP MAX MEMORY: 2048M (128M default) 
MEMORY STACK: 12MB 

********************************************************************************
DATABASE:
********************************************************************************
BUILD MODE:   PHP(query limit - 100)
MYSQLTIMEOUT: 5000
MYSQLDUMP:    Is Supported 
TABLES: total:23 | filtered:0 | create:23 
FILTERED: [] 
SQL CREATED: 20170402_perthpoint_58e11ff18e69d7374170402155945_database.sql 
SQL FILE SIZE: 7.07MB (7411250) 
SQL FILE TIME: 2017-04-02 16:01:25 
SQL RUNTIME: 8.15 sec. 

******************************************************************************** 
ARCHIVE (ZIP): 
******************************************************************************** 
ARCHIVE DIR:  /home/perthpoi/public_html 
ARCHIVE FILE: 20170402_perthpoint_58e11ff18e69d7374170402155945_archive.zip 
FILTERS: *OFF* 
DIRS: not set 
EXTS:  not set 
---------------------------------------- 
COMPRESSING 
SIZE:	848.27MB 
STATS:	Dirs 1,339 | Files 16,655 
SQL ADDED: 20170402_perthpoint_58e11ff18e69d7374170402155945_database.sql 
ZipArchive Object
(
    [status] => 0
    [statusSys] => 0
    [numFiles] => 17994
    [filename] => /home/perthpoi/public_html/wp-snapshots/tmp/20170402_perthpoint_58e11ff18e69d7374170402155945_archive.zip
    [comment] => 
)
 
